<?xml version="1.0" encoding="UTF-8"?>
<!-- Generated by org.testng.reporters.JUnitReportReporter -->
<testsuite hostname="Shivas-MBP.lan" failures="0" tests="1" name="com.sample.test.Login" time="4.225" errors="0" timestamp="2023-09-03T15:29:56 EDT" skipped="0">
  <testcase classname="com.sample.test.Login" name="launch" time="4.225"/>
</testsuite> <!-- com.sample.test.Login -->
